[debug] [2022-03-20T13:16:30.886Z] ----------------------------------------------------------------------
[debug] [2022-03-20T13:16:30.890Z] Command:       /home/devendran/.nvm/versions/node/v16.13.0/bin/node /home/devendran/.nvm/versions/node/v16.13.0/bin/firebase deploy
[debug] [2022-03-20T13:16:30.891Z] CLI Version:   9.23.0
[debug] [2022-03-20T13:16:30.891Z] Platform:      linux
[debug] [2022-03-20T13:16:30.891Z] Node Version:  v16.13.0
[debug] [2022-03-20T13:16:30.893Z] Time:          Sun Mar 20 2022 18:46:30 GMT+0530 (India Standard Time)
[debug] [2022-03-20T13:16:30.894Z] ----------------------------------------------------------------------
[debug] 
[debug] [2022-03-20T13:16:30.896Z] >>> [apiv2][query] GET https://firebase-public.firebaseio.com/cli.json [none]
[debug] [2022-03-20T13:16:31.012Z] > command requires scopes: ["email","openid","https://www.googleapis.com/auth/cloudplatformprojects.readonly","https://www.googleapis.com/auth/firebase","https://www.googleapis.com/auth/cloud-platform"]
[debug] [2022-03-20T13:16:31.012Z] > authorizing via signed-in user (devendranvemula@gmail.com)
[debug] [2022-03-20T13:16:31.013Z] [iam] checking project e-library-ui for permissions ["firebase.projects.get","firebasehosting.sites.update"]
[debug] [2022-03-20T13:16:31.015Z] > refreshing access token with scopes: ["email","https://www.googleapis.com/auth/cloud-platform","https://www.googleapis.com/auth/cloudplatformprojects.readonly","https://www.googleapis.com/auth/firebase","openid"]
[debug] [2022-03-20T13:16:31.015Z] >>> HTTP REQUEST POST https://www.googleapis.com/oauth2/v3/token  
 <request body omitted>
[debug] [2022-03-20T13:16:31.309Z] <<< HTTP RESPONSE 200 {"pragma":"no-cache","expires":"Mon, 01 Jan 1990 00:00:00 GMT","cache-control":"no-cache, no-store, max-age=0, must-revalidate","date":"Sun, 20 Mar 2022 13:16:31 GMT","content-type":"application/json; charset=utf-8","vary":"X-Origin, Referer, Origin,Accept-Encoding","server":"scaffolding on HTTPServer2","x-xss-protection":"0","x-frame-options":"SAMEORIGIN","x-content-type-options":"nosniff","alt-svc":"h3=\":443\"; ma=2592000,h3-29=\":443\"; ma=2592000,h3-Q050=\":443\"; ma=2592000,h3-Q046=\":443\"; ma=2592000,h3-Q043=\":443\"; ma=2592000,quic=\":443\"; ma=2592000; v=\"46,43\"","accept-ranges":"none","transfer-encoding":"chunked"}
[debug] [2022-03-20T13:16:31.316Z] >>> HTTP REQUEST POST https://cloudresourcemanager.googleapis.com/v1/projects/e-library-ui:testIamPermissions  
 {"permissions":["firebase.projects.get","firebasehosting.sites.update"]}
[debug] [2022-03-20T13:16:32.950Z] <<< [apiv2][status] GET https://firebase-public.firebaseio.com/cli.json 200
[debug] [2022-03-20T13:16:32.950Z] <<< [apiv2][body] GET https://firebase-public.firebaseio.com/cli.json {"cloudBuildErrorAfter":1594252800000,"cloudBuildWarnAfter":1590019200000,"defaultNode10After":1594252800000,"minVersion":"3.0.5","node8DeploysDisabledAfter":1613390400000,"node8RuntimeDisabledAfter":1615809600000,"node8WarnAfter":1600128000000}
[debug] [2022-03-20T13:16:32.960Z] <<< HTTP RESPONSE 200 {"content-type":"application/json; charset=UTF-8","vary":"X-Origin, Referer, Origin,Accept-Encoding","date":"Sun, 20 Mar 2022 13:16:32 GMT","server":"ESF","cache-control":"private","x-xss-protection":"0","x-frame-options":"SAMEORIGIN","x-content-type-options":"nosniff","server-timing":"gfet4t7; dur=1174","alt-svc":"h3=\":443\"; ma=2592000,h3-29=\":443\"; ma=2592000,h3-Q050=\":443\"; ma=2592000,h3-Q046=\":443\"; ma=2592000,h3-Q043=\":443\"; ma=2592000,quic=\":443\"; ma=2592000; v=\"46,43\"","accept-ranges":"none","transfer-encoding":"chunked"}
[debug] [2022-03-20T13:16:32.961Z] > refreshing access token with scopes: []
[debug] [2022-03-20T13:16:32.961Z] >>> HTTP REQUEST POST https://www.googleapis.com/oauth2/v3/token  
 <request body omitted>
[debug] [2022-03-20T13:16:33.222Z] <<< HTTP RESPONSE 200 {"pragma":"no-cache","cache-control":"no-cache, no-store, max-age=0, must-revalidate","expires":"Mon, 01 Jan 1990 00:00:00 GMT","date":"Sun, 20 Mar 2022 13:16:32 GMT","content-type":"application/json; charset=utf-8","vary":"X-Origin, Referer, Origin,Accept-Encoding","server":"scaffolding on HTTPServer2","x-xss-protection":"0","x-frame-options":"SAMEORIGIN","x-content-type-options":"nosniff","alt-svc":"h3=\":443\"; ma=2592000,h3-29=\":443\"; ma=2592000,h3-Q050=\":443\"; ma=2592000,h3-Q046=\":443\"; ma=2592000,h3-Q043=\":443\"; ma=2592000,quic=\":443\"; ma=2592000; v=\"46,43\"","accept-ranges":"none","transfer-encoding":"chunked"}
[debug] [2022-03-20T13:16:33.228Z] >>> [apiv2][query] GET https://firebase.googleapis.com/v1beta1/projects/e-library-ui [none]
[debug] [2022-03-20T13:16:33.884Z] <<< [apiv2][status] GET https://firebase.googleapis.com/v1beta1/projects/e-library-ui 200
[debug] [2022-03-20T13:16:33.885Z] <<< [apiv2][body] GET https://firebase.googleapis.com/v1beta1/projects/e-library-ui {"projectId":"e-library-ui","projectNumber":"1087612534383","displayName":"E-library","name":"projects/e-library-ui","resources":{"hostingSite":"e-library-ui"},"state":"ACTIVE"}
[info] 
[info] === Deploying to 'e-library-ui'...
[info] 
[info] i  deploying hosting 
[debug] [2022-03-20T13:16:33.902Z] > refreshing access token with scopes: ["email","https://www.googleapis.com/auth/cloud-platform","https://www.googleapis.com/auth/cloudplatformprojects.readonly","https://www.googleapis.com/auth/firebase","openid"]
[debug] [2022-03-20T13:16:33.903Z] >>> HTTP REQUEST POST https://www.googleapis.com/oauth2/v3/token  
 <request body omitted>
[debug] [2022-03-20T13:16:34.151Z] <<< HTTP RESPONSE 200 {"date":"Sun, 20 Mar 2022 13:16:33 GMT","cache-control":"no-cache, no-store, max-age=0, must-revalidate","pragma":"no-cache","expires":"Mon, 01 Jan 1990 00:00:00 GMT","content-type":"application/json; charset=utf-8","vary":"X-Origin, Referer, Origin,Accept-Encoding","server":"scaffolding on HTTPServer2","x-xss-protection":"0","x-frame-options":"SAMEORIGIN","x-content-type-options":"nosniff","alt-svc":"h3=\":443\"; ma=2592000,h3-29=\":443\"; ma=2592000,h3-Q050=\":443\"; ma=2592000,h3-Q046=\":443\"; ma=2592000,h3-Q043=\":443\"; ma=2592000,quic=\":443\"; ma=2592000; v=\"46,43\"","accept-ranges":"none","transfer-encoding":"chunked"}
[debug] [2022-03-20T13:16:34.166Z] >>> HTTP REQUEST POST https://firebasehosting.googleapis.com/v1beta1/sites/e-library-ui/versions  
 {"config":{"rewrites":[{"glob":"**","path":"/index.html"}]},"labels":{"deployment-tool":"cli-firebase"}}
[debug] [2022-03-20T13:16:36.093Z] <<< HTTP RESPONSE 200 {"content-type":"application/json; charset=UTF-8","vary":"X-Origin, Referer, Origin,Accept-Encoding","date":"Sun, 20 Mar 2022 13:16:35 GMT","server":"ESF","cache-control":"private","x-xss-protection":"0","x-frame-options":"SAMEORIGIN","x-content-type-options":"nosniff","alt-svc":"h3=\":443\"; ma=2592000,h3-29=\":443\"; ma=2592000,h3-Q050=\":443\"; ma=2592000,h3-Q046=\":443\"; ma=2592000,h3-Q043=\":443\"; ma=2592000,quic=\":443\"; ma=2592000; v=\"46,43\"","accept-ranges":"none","transfer-encoding":"chunked"}
[info] i  hosting[e-library-ui]: beginning deploy... 
[info] i  hosting[e-library-ui]: found 36 files in dist/elibrary-admin 
[debug] [2022-03-20T13:16:36.178Z] > refreshing access token with scopes: []
[debug] [2022-03-20T13:16:36.179Z] >>> HTTP REQUEST POST https://www.googleapis.com/oauth2/v3/token  
 <request body omitted>
[debug] [2022-03-20T13:16:36.180Z] [hosting] hash cache [ZGlzdC9lbGlicmFyeS1hZG1pbg] stored for 36 files
[debug] [2022-03-20T13:16:36.180Z] [hosting][hash queue][FINAL] {"max":70,"min":26,"avg":32.416666666666664,"active":0,"complete":36,"success":36,"errored":0,"retried":0,"total":36,"elapsed":77}
[debug] [2022-03-20T13:16:36.478Z] <<< HTTP RESPONSE 200 {"expires":"Mon, 01 Jan 1990 00:00:00 GMT","pragma":"no-cache","cache-control":"no-cache, no-store, max-age=0, must-revalidate","date":"Sun, 20 Mar 2022 13:16:36 GMT","content-type":"application/json; charset=utf-8","vary":"X-Origin, Referer, Origin,Accept-Encoding","server":"scaffolding on HTTPServer2","x-xss-protection":"0","x-frame-options":"SAMEORIGIN","x-content-type-options":"nosniff","alt-svc":"h3=\":443\"; ma=2592000,h3-29=\":443\"; ma=2592000,h3-Q050=\":443\"; ma=2592000,h3-Q046=\":443\"; ma=2592000,h3-Q043=\":443\"; ma=2592000,quic=\":443\"; ma=2592000; v=\"46,43\"","accept-ranges":"none","transfer-encoding":"chunked"}
[debug] [2022-03-20T13:16:36.482Z] >>> [apiv2][query] POST https://firebasehosting.googleapis.com/v1beta1/sites/e-library-ui/versions/b0c6f3c6db72f5c9:populateFiles [none]
[debug] [2022-03-20T13:16:36.482Z] >>> [apiv2][body] POST https://firebasehosting.googleapis.com/v1beta1/sites/e-library-ui/versions/b0c6f3c6db72f5c9:populateFiles {"files":{"/385.5b1ef3e942e0239a.js":"9112ab9f008af41c74845c78c214a661f55c62cab7728d481b7f86f00597eb93","/490.35eff7ac5b8eec95.js":"22d467085237992c9d795ff589791533372e8f439c8f5aaa0efa1a5f663ad93f","/318.1c6b43ecb1bef491.js":"287088f683f76ffb64fa991f4a93959289ae14cac02d8673448f4028bbc98d55","/53.ae1b27c8c269c379.js":"1f7614d1e42901de159ae0bbcce4c8b8b03fb367138fbf2bf21e5220110dacec","/74.f4e1d04a1059aa02.js":"d8ad3f8cab8ab1dc5f92f23cdfd464327a818ba0b75d6e9e44f966d25609b548","/3rdpartylicenses.txt":"181b5d1897becdfb01d8887838ba1dc66917291ef696bd7bacaa1eb0cd4d62e0","/common.4eb1564cd8709df0.js":"75366c11b3bb602609870b9b36c1d179ef0c413cfa7e08d6a88649240967eef2","/65.b64274dc0e476b76.js":"a89c7f915f46e8c8670ff98be81e4ddde041d534bd91d6c8739635dacd558596","/index.html":"64e97b16b72efd1a36da120d527e1b9f329e8dfdf8707ab83b9d14b96152a7e4","/favicon.ico":"5ba04cf43d3c8c026bd5edd43046db96acb28b5686d99ea7d7e148feabfffc8f","/69.19a7147d1ba75942.js":"16cec7743743a17c6343fe34cdc917732c0774a19c9634d581222fb324fa6969","/polyfills.744f7df81a6e71fb.js":"4cff4e5625efa08663b2bea88e59d334d27c9e1e39e08dfd6cdea8eb1cb8ee6d","/assets/addstudent.png":"3f43c3d0270028898d8e6f84968c611e0d56265c6bd1441231a71bd9e8f00bc1","/assets/book-2.webp":"b9fff7ee1d2991c8b2c4266d423f7ffa2fe6f09af0cf8ac379325a1ee5e5dcb2","/runtime.a5b230a179a57586.js":"5cf689b7a6c340c35c0aac675f14b6d873f88a326ebee1acfcd9561e5f60f536","/assets/admin-img.png":"a9d40f9e3e88fd49e14297ed222696b1e93d1b9ada1b7137ccf56cb5de0e7554","/assets/login.svg":"ed1b3b413a0a7a6c3dd0c71033385220e03004bd28c67cab733092b78626514f","/assets/no-data-found.png":"4f21bb39522c724bbf142defbfb1106cd275e8113326da703662d21369f8a4e2","/assets/profile-icon.png":"b1f2ebdeefad9f91152f80a524569dceb97267b0631bf95291c7a04f2728a838","/assets/book-3.jpg":"7f6a2ac03ef40449ff78c61a559e5d253abbddb8dffa07b3bad9fbaf22f235c6","/assets/lib-2.webp":"c6c06fe8b8f1f8cce9e6f9bc5aec796b0cb1986ecc3bd02bb56823ed259a3296","/assets/no-data-found.webp":"9d2edb3c936778b5c49ea038c0c89b87a4b277c969c17dcc6cae98209b50c7bc","/560.12bcdf0974cd6a6d.js":"a9ca9ce079f7a785c4c01ff762d5ef473dffd75b821e0e06954d91fbac6c1a74","/870.a1918801d15667a4.js":"b3e0310a66cee35b7d8471f987eefd8219771cd675288ca96926a2a823bcf129","/assets/login-img.webp":"0d6986135fa19faff7f982941ad78a89864eb201d22845c35c1daaf96311ff72","/assets/login-bg-2.jpg":"e99a5232061723409fe7faf01c447077b4c95b49fb4bd9a336dd697c01738164","/assets/lib-1.jpg":"1f820b0ad154474d563632cd72e6aac23fe089fa2b02a6c98082217c318d69bc","/assets/login-img-2.webp":"b56476359818b9e919a22138cb1e37ab5a1efcb18e4454f3d39551850e9dbe87","/assets/pec-logo.jpg":"f8f4636507d076d6cefa53391c2e8b5f064ee772dcc82cec1bfc88c41c029d5e","/assets/logo.png":"b7f93b920772cff9428f0ff0800fbcc09f50c311225f8189e300259304d738bd","/assets/book-1.webp":"adb142965b4a816c192f488491c16a709b57480df0bf8c325d430aa530b0a106","/assets/photo.jpeg":"e75bb6a2c2d2e3d932d512ef09485d575896a4bc4e95f63f0e8f307b5786dfa3","/styles.b4d0c0c8c9b26437.css":"9cdd1d12cefe640e6872c0f8391ea45af28c52e3f103dba53fe1047144d32981","/assets/pec-logo.png":"6d7945c49ac951f456415aa08f2e8f8d0bc7b10cf450fe002d47d207b1a603ba","/assets/default-profile.png":"7fd7acf55fea86e404eb441b9a5ecc8ebca7f1cf55f27d63f136277892bac506","/main.ab7f8c9e21303ae9.js":"24617198ec829b14a351ad75b1e8409ee3ac308227e6ce997de7ba08032317dc"}}
[debug] [2022-03-20T13:16:38.549Z] <<< [apiv2][status] POST https://firebasehosting.googleapis.com/v1beta1/sites/e-library-ui/versions/b0c6f3c6db72f5c9:populateFiles 200
[debug] [2022-03-20T13:16:38.549Z] <<< [apiv2][body] POST https://firebasehosting.googleapis.com/v1beta1/sites/e-library-ui/versions/b0c6f3c6db72f5c9:populateFiles {"uploadRequiredHashes":["64e97b16b72efd1a36da120d527e1b9f329e8dfdf8707ab83b9d14b96152a7e4","5cf689b7a6c340c35c0aac675f14b6d873f88a326ebee1acfcd9561e5f60f536","24617198ec829b14a351ad75b1e8409ee3ac308227e6ce997de7ba08032317dc","16cec7743743a17c6343fe34cdc917732c0774a19c9634d581222fb324fa6969","287088f683f76ffb64fa991f4a93959289ae14cac02d8673448f4028bbc98d55"],"uploadUrl":"https://upload-firebasehosting.googleapis.com/upload/sites/e-library-ui/versions/b0c6f3c6db72f5c9/files"}
[debug] [2022-03-20T13:16:38.556Z] >>> [apiv2][query] POST https://upload-firebasehosting.googleapis.com/upload/sites/e-library-ui/versions/b0c6f3c6db72f5c9/files/64e97b16b72efd1a36da120d527e1b9f329e8dfdf8707ab83b9d14b96152a7e4 [none]
[debug] [2022-03-20T13:16:38.556Z] >>> [apiv2][body] POST https://upload-firebasehosting.googleapis.com/upload/sites/e-library-ui/versions/b0c6f3c6db72f5c9/files/64e97b16b72efd1a36da120d527e1b9f329e8dfdf8707ab83b9d14b96152a7e4 [stream]
[debug] [2022-03-20T13:16:38.561Z] >>> [apiv2][query] POST https://upload-firebasehosting.googleapis.com/upload/sites/e-library-ui/versions/b0c6f3c6db72f5c9/files/5cf689b7a6c340c35c0aac675f14b6d873f88a326ebee1acfcd9561e5f60f536 [none]
[debug] [2022-03-20T13:16:38.561Z] >>> [apiv2][body] POST https://upload-firebasehosting.googleapis.com/upload/sites/e-library-ui/versions/b0c6f3c6db72f5c9/files/5cf689b7a6c340c35c0aac675f14b6d873f88a326ebee1acfcd9561e5f60f536 [stream]
[debug] [2022-03-20T13:16:38.565Z] >>> [apiv2][query] POST https://upload-firebasehosting.googleapis.com/upload/sites/e-library-ui/versions/b0c6f3c6db72f5c9/files/24617198ec829b14a351ad75b1e8409ee3ac308227e6ce997de7ba08032317dc [none]
[debug] [2022-03-20T13:16:38.565Z] >>> [apiv2][body] POST https://upload-firebasehosting.googleapis.com/upload/sites/e-library-ui/versions/b0c6f3c6db72f5c9/files/24617198ec829b14a351ad75b1e8409ee3ac308227e6ce997de7ba08032317dc [stream]
[debug] [2022-03-20T13:16:38.569Z] >>> [apiv2][query] POST https://upload-firebasehosting.googleapis.com/upload/sites/e-library-ui/versions/b0c6f3c6db72f5c9/files/16cec7743743a17c6343fe34cdc917732c0774a19c9634d581222fb324fa6969 [none]
[debug] [2022-03-20T13:16:38.569Z] >>> [apiv2][body] POST https://upload-firebasehosting.googleapis.com/upload/sites/e-library-ui/versions/b0c6f3c6db72f5c9/files/16cec7743743a17c6343fe34cdc917732c0774a19c9634d581222fb324fa6969 [stream]
[debug] [2022-03-20T13:16:38.573Z] >>> [apiv2][query] POST https://upload-firebasehosting.googleapis.com/upload/sites/e-library-ui/versions/b0c6f3c6db72f5c9/files/287088f683f76ffb64fa991f4a93959289ae14cac02d8673448f4028bbc98d55 [none]
[debug] [2022-03-20T13:16:38.573Z] >>> [apiv2][body] POST https://upload-firebasehosting.googleapis.com/upload/sites/e-library-ui/versions/b0c6f3c6db72f5c9/files/287088f683f76ffb64fa991f4a93959289ae14cac02d8673448f4028bbc98d55 [stream]
[debug] [2022-03-20T13:16:38.577Z] [hosting][populate queue][FINAL] {"max":2377,"min":2377,"avg":2377,"active":0,"complete":1,"success":1,"errored":0,"retried":0,"total":1,"elapsed":2399}
[debug] [2022-03-20T13:16:38.578Z] [hosting] uploads queued: 5
[debug] [2022-03-20T13:16:42.111Z] <<< [apiv2][status] POST https://upload-firebasehosting.googleapis.com/upload/sites/e-library-ui/versions/b0c6f3c6db72f5c9/files/16cec7743743a17c6343fe34cdc917732c0774a19c9634d581222fb324fa6969 200
[debug] [2022-03-20T13:16:42.112Z] <<< [apiv2][body] POST https://upload-firebasehosting.googleapis.com/upload/sites/e-library-ui/versions/b0c6f3c6db72f5c9/files/16cec7743743a17c6343fe34cdc917732c0774a19c9634d581222fb324fa6969 [stream]
[debug] [2022-03-20T13:16:42.167Z] <<< [apiv2][status] POST https://upload-firebasehosting.googleapis.com/upload/sites/e-library-ui/versions/b0c6f3c6db72f5c9/files/5cf689b7a6c340c35c0aac675f14b6d873f88a326ebee1acfcd9561e5f60f536 200
[debug] [2022-03-20T13:16:42.167Z] <<< [apiv2][body] POST https://upload-firebasehosting.googleapis.com/upload/sites/e-library-ui/versions/b0c6f3c6db72f5c9/files/5cf689b7a6c340c35c0aac675f14b6d873f88a326ebee1acfcd9561e5f60f536 [stream]
[debug] [2022-03-20T13:16:42.232Z] <<< [apiv2][status] POST https://upload-firebasehosting.googleapis.com/upload/sites/e-library-ui/versions/b0c6f3c6db72f5c9/files/64e97b16b72efd1a36da120d527e1b9f329e8dfdf8707ab83b9d14b96152a7e4 200
[debug] [2022-03-20T13:16:42.232Z] <<< [apiv2][body] POST https://upload-firebasehosting.googleapis.com/upload/sites/e-library-ui/versions/b0c6f3c6db72f5c9/files/64e97b16b72efd1a36da120d527e1b9f329e8dfdf8707ab83b9d14b96152a7e4 [stream]
[debug] [2022-03-20T13:16:42.268Z] <<< [apiv2][status] POST https://upload-firebasehosting.googleapis.com/upload/sites/e-library-ui/versions/b0c6f3c6db72f5c9/files/287088f683f76ffb64fa991f4a93959289ae14cac02d8673448f4028bbc98d55 200
[debug] [2022-03-20T13:16:42.269Z] <<< [apiv2][body] POST https://upload-firebasehosting.googleapis.com/upload/sites/e-library-ui/versions/b0c6f3c6db72f5c9/files/287088f683f76ffb64fa991f4a93959289ae14cac02d8673448f4028bbc98d55 [stream]
[debug] [2022-03-20T13:16:44.656Z] <<< [apiv2][status] POST https://upload-firebasehosting.googleapis.com/upload/sites/e-library-ui/versions/b0c6f3c6db72f5c9/files/24617198ec829b14a351ad75b1e8409ee3ac308227e6ce997de7ba08032317dc 200
[debug] [2022-03-20T13:16:44.656Z] <<< [apiv2][body] POST https://upload-firebasehosting.googleapis.com/upload/sites/e-library-ui/versions/b0c6f3c6db72f5c9/files/24617198ec829b14a351ad75b1e8409ee3ac308227e6ce997de7ba08032317dc [stream]
[debug] [2022-03-20T13:16:44.656Z] [hosting][upload queue][FINAL] {"max":6104,"min":3559,"avg":4135.6,"active":0,"complete":5,"success":5,"errored":0,"retried":0,"total":5,"elapsed":6106}
[info] ✔  hosting[e-library-ui]: file upload complete 
[debug] [2022-03-20T13:16:44.657Z] [hosting] deploy completed after 8563ms
[debug] [2022-03-20T13:16:44.660Z] [
  {
    "config": {
      "public": "dist/elibrary-admin",
      "ignore": [
        "firebase.json",
        "**/.*",
        "**/node_modules/**"
      ],
      "rewrites": [
        {
          "source": "**",
          "destination": "/index.html"
        }
      ],
      "site": "e-library-ui"
    },
    "site": "e-library-ui",
    "version": "sites/e-library-ui/versions/b0c6f3c6db72f5c9"
  }
]
[info] i  hosting[e-library-ui]: finalizing version... 
[debug] [2022-03-20T13:16:44.661Z] > refreshing access token with scopes: ["email","https://www.googleapis.com/auth/cloud-platform","https://www.googleapis.com/auth/cloudplatformprojects.readonly","https://www.googleapis.com/auth/firebase","openid"]
[debug] [2022-03-20T13:16:44.661Z] >>> HTTP REQUEST POST https://www.googleapis.com/oauth2/v3/token  
 <request body omitted>
[debug] [2022-03-20T13:16:45.109Z] <<< HTTP RESPONSE 200 {"cache-control":"no-cache, no-store, max-age=0, must-revalidate","date":"Sun, 20 Mar 2022 13:16:44 GMT","pragma":"no-cache","expires":"Mon, 01 Jan 1990 00:00:00 GMT","content-type":"application/json; charset=utf-8","vary":"X-Origin, Referer, Origin,Accept-Encoding","server":"scaffolding on HTTPServer2","x-xss-protection":"0","x-frame-options":"SAMEORIGIN","x-content-type-options":"nosniff","alt-svc":"h3=\":443\"; ma=2592000,h3-29=\":443\"; ma=2592000,h3-Q050=\":443\"; ma=2592000,h3-Q046=\":443\"; ma=2592000,h3-Q043=\":443\"; ma=2592000,quic=\":443\"; ma=2592000; v=\"46,43\"","accept-ranges":"none","transfer-encoding":"chunked"}
[debug] [2022-03-20T13:16:45.118Z] >>> HTTP REQUEST PATCH https://firebasehosting.googleapis.com/v1beta1/sites/e-library-ui/versions/b0c6f3c6db72f5c9?updateMask=status  
 {"status":"FINALIZED"}
[debug] [2022-03-20T13:16:47.087Z] <<< HTTP RESPONSE 200 {"content-type":"application/json; charset=UTF-8","vary":"X-Origin, Referer, Origin,Accept-Encoding","date":"Sun, 20 Mar 2022 13:16:46 GMT","server":"ESF","cache-control":"private","x-xss-protection":"0","x-frame-options":"SAMEORIGIN","x-content-type-options":"nosniff","alt-svc":"h3=\":443\"; ma=2592000,h3-29=\":443\"; ma=2592000,h3-Q050=\":443\"; ma=2592000,h3-Q046=\":443\"; ma=2592000,h3-Q043=\":443\"; ma=2592000,quic=\":443\"; ma=2592000; v=\"46,43\"","accept-ranges":"none","transfer-encoding":"chunked"}
[debug] [2022-03-20T13:16:47.088Z] [hosting] finalized version for e-library-ui: {"name":"sites/e-library-ui/versions/b0c6f3c6db72f5c9","status":"FINALIZED","config":{"rewrites":[{"glob":"**","path":"/index.html"}]},"labels":{"deployment-tool":"cli-firebase"},"createTime":"2022-03-20T13:16:35.526472Z","createUser":{"email":"devendranvemula@gmail.com"},"finalizeTime":"2022-03-20T13:16:46.305668Z","finalizeUser":{"email":"devendranvemula@gmail.com"}}
[info] ✔  hosting[e-library-ui]: version finalized 
[info] i  hosting[e-library-ui]: releasing new version... 
[debug] [2022-03-20T13:16:47.089Z] >>> HTTP REQUEST POST https://firebasehosting.googleapis.com/v1beta1/sites/e-library-ui/releases?version_name=sites/e-library-ui/versions/b0c6f3c6db72f5c9  
 {"message":null}
[debug] [2022-03-20T13:16:48.933Z] <<< HTTP RESPONSE 200 {"content-type":"application/json; charset=UTF-8","vary":"X-Origin, Referer, Origin,Accept-Encoding","date":"Sun, 20 Mar 2022 13:16:48 GMT","server":"ESF","cache-control":"private","x-xss-protection":"0","x-frame-options":"SAMEORIGIN","x-content-type-options":"nosniff","alt-svc":"h3=\":443\"; ma=2592000,h3-29=\":443\"; ma=2592000,h3-Q050=\":443\"; ma=2592000,h3-Q046=\":443\"; ma=2592000,h3-Q043=\":443\"; ma=2592000,quic=\":443\"; ma=2592000; v=\"46,43\"","accept-ranges":"none","transfer-encoding":"chunked"}
[debug] [2022-03-20T13:16:48.934Z] [hosting] release: {"name":"sites/e-library-ui/releases/1647782207772484","version":{"name":"sites/e-library-ui/versions/b0c6f3c6db72f5c9","status":"FINALIZED","config":{"rewrites":[{"glob":"**","path":"/index.html"}]},"labels":{"deployment-tool":"cli-firebase"},"createTime":"2022-03-20T13:16:35.526472Z","createUser":{"email":"devendranvemula@gmail.com","imageUrl":"https://lh3.googleusercontent.com/a-/AOh14Ggjie3UhwWma-rs1B0kCZtySOOAd9DmLylwgUKY"},"finalizeTime":"2022-03-20T13:16:46.305668Z","finalizeUser":{"email":"devendranvemula@gmail.com","imageUrl":"https://lh3.googleusercontent.com/a-/AOh14Ggjie3UhwWma-rs1B0kCZtySOOAd9DmLylwgUKY"}},"type":"DEPLOY","releaseTime":"2022-03-20T13:16:47.772484898Z","releaseUser":{"email":"devendranvemula@gmail.com","imageUrl":"https://lh3.googleusercontent.com/a-/AOh14Ggjie3UhwWma-rs1B0kCZtySOOAd9DmLylwgUKY"}}
[info] ✔  hosting[e-library-ui]: release complete 
[info] 
[info] ✔  Deploy complete! 
[info] 
[info] Project Console: https://console.firebase.google.com/project/e-library-ui/overview
[info] Hosting URL: https://e-library-ui.web.app
